<?xml version="1.0" encoding="UTF-8"?>
<!-- Generated by org.testng.reporters.JUnitReportReporter -->
<testsuite hostname="Qcentris-396" failures="0" tests="3" name="tests.SubmitOrderTest" time="23.523" errors="0" timestamp="2025-01-26T13:26:18 EET" skipped="0">
  <testcase classname="tests.SubmitOrderTest" name="submitOrderTest" time="1.889"/>
  <system-out/>
  <testcase classname="tests.SubmitOrderTest" name="submitOrderTest" time="18.875"/>
  <system-out/>
  <testcase classname="tests.SubmitOrderTest" name="submitOrderTest" time="2.759"/>
  <system-out/>
</testsuite> <!-- tests.SubmitOrderTest -->
