<?xml version="1.0" encoding="UTF-8"?>
<!-- Generated by org.testng.reporters.JUnitReportReporter -->
<testsuite hostname="Qcentris-396" failures="0" tests="3" name="tests.SubmitOrderTest" time="25.063" errors="0" timestamp="2025-02-15T12:05:24 EET" skipped="0">
  <testcase classname="tests.SubmitOrderTest" name="submitOrderTest" time="8.517"/>
  <system-out/>
  <testcase classname="tests.SubmitOrderTest" name="submitOrderTest" time="7.300"/>
  <system-out/>
  <testcase classname="tests.SubmitOrderTest" name="submitOrderTest" time="9.246"/>
  <system-out/>
</testsuite> <!-- tests.SubmitOrderTest -->
