<?xml version="1.0" encoding="UTF-8"?>
<!-- Generated by org.testng.reporters.JUnitReportReporter -->
<testsuite hostname="Qcentris-396" failures="0" tests="1" name="tests.CheckoutPageTest" time="0.238" errors="0" timestamp="2024-12-17T17:16:08 EET" skipped="0">
  <testcase classname="tests.CheckoutPageTest" name="goToCheckoutOverView" time="0.238"/>
  <system-out/>
</testsuite> <!-- tests.CheckoutPageTest -->
