<?xml version="1.0" encoding="UTF-8"?>
<!-- Generated by org.testng.reporters.JUnitReportReporter -->
<testsuite hostname="Qcentris-396" failures="0" tests="1" name="tests.CompletePageTest" time="0.056" errors="0" timestamp="2025-01-09T15:20:38 EET" skipped="0">
  <testcase classname="tests.CompletePageTest" name="verifiedConfirmationText" time="0.056"/>
  <system-out/>
</testsuite> <!-- tests.CompletePageTest -->
