<?xml version="1.0" encoding="UTF-8"?>
<!-- Generated by org.testng.reporters.JUnitReportReporter -->
<testsuite hostname="Qcentris-396" failures="0" tests="3" name="tests.SubmitOrderTest" time="27.209" errors="0" timestamp="2025-03-07T12:17:50 EET" skipped="0">
  <testcase classname="tests.SubmitOrderTest" name="submitOrderTest" time="4.514"/>
  <system-out/>
  <testcase classname="tests.SubmitOrderTest" name="submitOrderTest" time="12.425"/>
  <system-out/>
  <testcase classname="tests.SubmitOrderTest" name="submitOrderTest" time="10.270"/>
  <system-out/>
</testsuite> <!-- tests.SubmitOrderTest -->
