<?xml version="1.0" encoding="UTF-8"?>
<!-- Generated by org.testng.reporters.JUnitReportReporter -->
<testsuite hostname="Qcentris-396" failures="0" tests="1" name="tests.CheckoutPageTest" time="0.297" errors="0" timestamp="2024-12-11T22:07:05 EET" skipped="0">
  <testcase classname="tests.CheckoutPageTest" name="goToCheckoutOverview" time="0.297"/>
  <system-out/>
</testsuite> <!-- tests.CheckoutPageTest -->
