<?xml version="1.0" encoding="UTF-8"?>
<!-- Generated by org.testng.reporters.JUnitReportReporter -->
<testsuite hostname="Qcentris-396" failures="0" tests="1" name="tests.ProductCatalogueTest" time="0.284" errors="0" timestamp="2024-12-11T10:49:05 EET" skipped="0">
  <testcase classname="tests.ProductCatalogueTest" name="testAddItemsLessThanTenDollarsToCart" time="0.284"/>
  <system-out/>
</testsuite> <!-- tests.ProductCatalogueTest -->
