<?xml version="1.0" encoding="UTF-8"?>
<!-- Generated by org.testng.reporters.JUnitReportReporter -->
<testsuite hostname="Qcentris-396" failures="0" tests="3" name="tests.functional.SubmitOrderTest" time="30.994" errors="0" timestamp="2025-03-09T16:02:32 EET" skipped="0">
  <testcase classname="tests.functional.SubmitOrderTest" name="submitOrderTest" time="20.067"/>
  <system-out/>
  <testcase classname="tests.functional.SubmitOrderTest" name="submitOrderTest" time="7.013"/>
  <system-out/>
  <testcase classname="tests.functional.SubmitOrderTest" name="submitOrderTest" time="3.914"/>
  <system-out/>
</testsuite> <!-- tests.functional.SubmitOrderTest -->
