<?xml version="1.0" encoding="UTF-8"?>
<!-- Generated by org.testng.reporters.JUnitReportReporter -->
<testsuite hostname="Qcentris-396" failures="0" tests="1" name="tests.LandingPageTest" time="3.689" errors="0" timestamp="2024-12-17T15:39:25 EET" skipped="0">
  <testcase classname="tests.LandingPageTest" name="testLoginLandingPage" time="3.689"/>
  <system-out/>
</testsuite> <!-- tests.LandingPageTest -->
