<?xml version="1.0" encoding="UTF-8"?>
<!-- Generated by org.testng.reporters.JUnitReportReporter -->
<testsuite hostname="Qcentris-396" failures="0" tests="3" name="tests.LogOutTest" time="12.180" errors="0" timestamp="2025-01-19T14:01:50 EET" skipped="0">
  <testcase classname="tests.LogOutTest" name="testLoginLandingPage" time="5.768"/>
  <system-out/>
  <testcase classname="tests.LogOutTest" name="testLoginLandingPage" time="4.610"/>
  <system-out/>
  <testcase classname="tests.LogOutTest" name="testLoginLandingPage" time="1.802"/>
  <system-out/>
</testsuite> <!-- tests.LogOutTest -->
