<?xml version="1.0" encoding="UTF-8"?>
<!-- Generated by org.testng.reporters.JUnitReportReporter -->
<testsuite hostname="Qcentris-396" failures="0" tests="3" name="tests.functional.PriceLowtoHighTest" time="34.270" errors="0" timestamp="2025-03-09T16:02:32 EET" skipped="0">
  <testcase classname="tests.functional.PriceLowtoHighTest" name="verifyPriceLowToHighSorting" time="11.470"/>
  <system-out/>
  <testcase classname="tests.functional.PriceLowtoHighTest" name="verifyPriceLowToHighSorting" time="4.635"/>
  <system-out/>
  <testcase classname="tests.functional.PriceLowtoHighTest" name="verifyPriceLowToHighSorting" time="18.165"/>
  <system-out/>
</testsuite> <!-- tests.functional.PriceLowtoHighTest -->
