<?xml version="1.0" encoding="UTF-8"?>
<!-- Generated by org.testng.reporters.JUnitReportReporter -->
<testsuite hostname="Qcentris-396" failures="0" tests="1" name="tests.CompletePageTest" time="0.041" errors="0" timestamp="2024-12-18T13:21:34 EET" skipped="0">
  <testcase classname="tests.CompletePageTest" name="verifiedConfirmationText" time="0.041"/>
  <system-out/>
</testsuite> <!-- tests.CompletePageTest -->
