<?xml version="1.0" encoding="UTF-8"?>
<!-- Generated by org.testng.reporters.JUnitReportReporter -->
<testsuite hostname="Qcentris-396" failures="0" tests="1" name="tests.CheckoutOverviewTest" time="0.105" errors="0" timestamp="2024-12-19T15:16:58 EET" skipped="0">
  <testcase classname="tests.CheckoutOverviewTest" name="gotToCompletePage" time="0.105"/>
  <system-out/>
</testsuite> <!-- tests.CheckoutOverviewTest -->
