<?xml version="1.0" encoding="UTF-8"?>
<!-- Generated by org.testng.reporters.JUnitReportReporter -->
<testsuite hostname="Qcentris-396" failures="0" tests="3" name="tests.SubmitOrderTest" time="17.121" errors="0" timestamp="2025-01-19T14:01:50 EET" skipped="0">
  <testcase classname="tests.SubmitOrderTest" name="submitOrderTest" time="1.761"/>
  <system-out/>
  <testcase classname="tests.SubmitOrderTest" name="submitOrderTest" time="4.841"/>
  <system-out/>
  <testcase classname="tests.SubmitOrderTest" name="submitOrderTest" time="10.519"/>
  <system-out/>
</testsuite> <!-- tests.SubmitOrderTest -->
