<?xml version="1.0" encoding="UTF-8"?>
<!-- Generated by org.testng.reporters.JUnitReportReporter -->
<testsuite hostname="Qcentris-396" failures="0" tests="3" name="tests.PriceLowtoHighTest" time="32.761" errors="0" timestamp="2025-03-06T00:51:16 EET" skipped="0">
  <testcase classname="tests.PriceLowtoHighTest" name="verifyPriceLowToHighSorting" time="11.424"/>
  <system-out/>
  <testcase classname="tests.PriceLowtoHighTest" name="verifyPriceLowToHighSorting" time="5.459"/>
  <system-out/>
  <testcase classname="tests.PriceLowtoHighTest" name="verifyPriceLowToHighSorting" time="15.878"/>
  <system-out/>
</testsuite> <!-- tests.PriceLowtoHighTest -->
