<?xml version="1.0" encoding="UTF-8"?>
<!-- Generated by org.testng.reporters.JUnitReportReporter -->
<testsuite hostname="Qcentris-396" failures="0" tests="1" name="tests.TestNGTestRunner" time="6.036" errors="0" timestamp="2024-12-25T13:12:57 EET" skipped="0">
  <testcase classname="tests.TestNGTestRunner" name="runScenario" time="6.036"/>
  <system-out/>
</testsuite> <!-- tests.TestNGTestRunner -->
