<?xml version="1.0" encoding="UTF-8"?>
<!-- Generated by org.testng.reporters.JUnitReportReporter -->
<testsuite hostname="Qcentris-396" failures="0" tests="18" name="tests.LandingPageTest" time="27.168" errors="0" timestamp="2025-01-09T15:20:38 EET" skipped="0">
  <testcase classname="tests.LandingPageTest" name="testLoginLandingPage" time="0.522"/>
  <system-out/>
  <testcase classname="tests.LandingPageTest" name="testLoginLandingPage" time="0.652"/>
  <system-out/>
  <testcase classname="tests.LandingPageTest" name="testLoginLandingPage" time="0.769"/>
  <system-out/>
  <testcase classname="tests.LandingPageTest" name="testLoginLandingPage" time="2.676"/>
  <system-out/>
  <testcase classname="tests.LandingPageTest" name="testLoginLandingPage" time="1.506"/>
  <system-out/>
  <testcase classname="tests.LandingPageTest" name="testLoginLandingPage" time="1.731"/>
  <system-out/>
  <testcase classname="tests.LandingPageTest" name="testLoginLandingPage" time="0.728"/>
  <system-out/>
  <testcase classname="tests.LandingPageTest" name="testLoginLandingPage" time="1.046"/>
  <system-out/>
  <testcase classname="tests.LandingPageTest" name="testLoginLandingPage" time="1.139"/>
  <system-out/>
  <testcase classname="tests.LandingPageTest" name="testLoginLandingPage" time="4.063"/>
  <system-out/>
  <testcase classname="tests.LandingPageTest" name="testLoginLandingPage" time="2.074"/>
  <system-out/>
  <testcase classname="tests.LandingPageTest" name="testLoginLandingPage" time="3.060"/>
  <system-out/>
  <testcase classname="tests.LandingPageTest" name="testLoginLandingPage" time="1.562"/>
  <system-out/>
  <testcase classname="tests.LandingPageTest" name="testLoginLandingPage" time="2.138"/>
  <system-out/>
  <testcase classname="tests.LandingPageTest" name="testLoginLandingPage" time="1.200"/>
  <system-out/>
  <testcase classname="tests.LandingPageTest" name="testLoginLandingPage" time="0.478"/>
  <system-out/>
  <testcase classname="tests.LandingPageTest" name="testLoginLandingPage" time="0.696"/>
  <system-out/>
  <testcase classname="tests.LandingPageTest" name="testLoginLandingPage" time="1.128"/>
  <system-out/>
</testsuite> <!-- tests.LandingPageTest -->
