<?xml version="1.0" encoding="UTF-8"?>
<!-- Generated by org.testng.reporters.JUnitReportReporter -->
<testsuite hostname="Qcentris-396" failures="0" tests="3" name="tests.PriceLowtoHighTest" time="17.517" errors="0" timestamp="2025-01-09T15:19:07 EET" skipped="0">
  <testcase classname="tests.PriceLowtoHighTest" name="verifyPriceLowToHighSorting" time="6.953"/>
  <system-out/>
  <testcase classname="tests.PriceLowtoHighTest" name="verifyPriceLowToHighSorting" time="4.719"/>
  <system-out/>
  <testcase classname="tests.PriceLowtoHighTest" name="verifyPriceLowToHighSorting" time="5.845"/>
  <system-out/>
</testsuite> <!-- tests.PriceLowtoHighTest -->
