<?xml version="1.0" encoding="UTF-8"?>
<!-- Generated by org.testng.reporters.JUnitReportReporter -->
<testsuite hostname="Qcentris-396" failures="0" tests="3" name="tests.SubmitOrderTest" time="17.568" errors="0" timestamp="2025-01-13T11:24:54 EET" skipped="0">
  <testcase classname="tests.SubmitOrderTest" name="submitOrderTest" time="6.034"/>
  <system-out/>
  <testcase classname="tests.SubmitOrderTest" name="submitOrderTest" time="7.527"/>
  <system-out/>
  <testcase classname="tests.SubmitOrderTest" name="submitOrderTest" time="4.007"/>
  <system-out/>
</testsuite> <!-- tests.SubmitOrderTest -->
