<?xml version="1.0" encoding="UTF-8"?>
<!-- Generated by org.testng.reporters.JUnitReportReporter -->
<testsuite hostname="Qcentris-396" failures="0" tests="3" name="tests.LandingPageTest" time="3.736" errors="0" timestamp="2025-01-05T11:45:01 EET" skipped="0">
  <testcase classname="tests.LandingPageTest" name="testLoginLandingPage" time="1.977"/>
  <system-out/>
  <testcase classname="tests.LandingPageTest" name="testLoginLandingPage" time="0.915"/>
  <system-out/>
  <testcase classname="tests.LandingPageTest" name="testLoginLandingPage" time="0.844"/>
  <system-out/>
</testsuite> <!-- tests.LandingPageTest -->
