<?xml version="1.0" encoding="UTF-8"?>
<!-- Generated by org.testng.reporters.JUnitReportReporter -->
<testsuite hostname="Qcentris-396" failures="0" tests="3" name="tests.SubmitOrderTest" time="3.974" errors="0" timestamp="2025-01-05T17:35:04 EET" skipped="0">
  <testcase classname="tests.SubmitOrderTest" name="submitOrderTest" time="0.940"/>
  <system-out/>
  <testcase classname="tests.SubmitOrderTest" name="submitOrderTest" time="1.839"/>
  <system-out/>
  <testcase classname="tests.SubmitOrderTest" name="submitOrderTest" time="1.195"/>
  <system-out/>
</testsuite> <!-- tests.SubmitOrderTest -->
