<?xml version="1.0" encoding="UTF-8"?>
<!-- Generated by org.testng.reporters.JUnitReportReporter -->
<testsuite hostname="Qcentris-396" failures="0" tests="3" name="tests.SubmitOrderTest" time="19.907" errors="0" timestamp="2025-02-19T22:16:48 EET" skipped="0">
  <testcase classname="tests.SubmitOrderTest" name="submitOrderTest" time="8.724"/>
  <system-out/>
  <testcase classname="tests.SubmitOrderTest" name="submitOrderTest" time="5.712"/>
  <system-out/>
  <testcase classname="tests.SubmitOrderTest" name="submitOrderTest" time="5.471"/>
  <system-out/>
</testsuite> <!-- tests.SubmitOrderTest -->
