<?xml version="1.0" encoding="UTF-8"?>
<!-- Generated by org.testng.reporters.JUnitReportReporter -->
<testsuite hostname="Qcentris-396" failures="0" tests="1" name="tests.ProductCatalogueTest" time="0.277" errors="0" timestamp="2024-12-17T16:19:00 EET" skipped="0">
  <testcase classname="tests.ProductCatalogueTest" name="testAddItemsLessThanTenDollarsToCart" time="0.277"/>
  <system-out/>
</testsuite> <!-- tests.ProductCatalogueTest -->
