<?xml version="1.0" encoding="UTF-8"?>
<!-- Generated by org.testng.reporters.JUnitReportReporter -->
<testsuite hostname="Qcentris-396" failures="0" tests="3" name="tests.RemoveFromCartTest" time="10.759" errors="0" timestamp="2025-01-23T13:53:02 EET" skipped="0">
  <testcase classname="tests.RemoveFromCartTest" name="testRemoveFromCart" time="5.449"/>
  <system-out/>
  <testcase classname="tests.RemoveFromCartTest" name="testRemoveFromCart" time="3.285"/>
  <system-out/>
  <testcase classname="tests.RemoveFromCartTest" name="testRemoveFromCart" time="2.025"/>
  <system-out/>
</testsuite> <!-- tests.RemoveFromCartTest -->
