<?xml version="1.0" encoding="UTF-8"?>
<!-- Generated by org.testng.reporters.JUnitReportReporter -->
<testsuite hostname="Qcentris-396" failures="0" tests="3" name="tests.LogOutTest" time="23.698" errors="0" timestamp="2025-03-07T12:17:50 EET" skipped="0">
  <testcase classname="tests.LogOutTest" name="testLogOut" time="9.017"/>
  <system-out/>
  <testcase classname="tests.LogOutTest" name="testLogOut" time="11.286"/>
  <system-out/>
  <testcase classname="tests.LogOutTest" name="testLogOut" time="3.395"/>
  <system-out/>
</testsuite> <!-- tests.LogOutTest -->
