<?xml version="1.0" encoding="UTF-8"?>
<!-- Generated by org.testng.reporters.JUnitReportReporter -->
<testsuite hostname="Qcentris-396" failures="0" tests="3" name="tests.SubmitOrderTest" time="11.710" errors="0" timestamp="2025-01-23T14:44:31 EET" skipped="0">
  <testcase classname="tests.SubmitOrderTest" name="submitOrderTest" time="5.283"/>
  <system-out/>
  <testcase classname="tests.SubmitOrderTest" name="submitOrderTest" time="3.081"/>
  <system-out/>
  <testcase classname="tests.SubmitOrderTest" name="submitOrderTest" time="3.346"/>
  <system-out/>
</testsuite> <!-- tests.SubmitOrderTest -->
