<?xml version="1.0" encoding="UTF-8"?>
<!-- Generated by org.testng.reporters.JUnitReportReporter -->
<testsuite hostname="Qcentris-396" failures="0" tests="1" name="tests.CheckoutOverviewTest" time="0.109" errors="0" timestamp="2025-01-14T15:31:47 EET" skipped="0">
  <testcase classname="tests.CheckoutOverviewTest" name="gotToCompletePage" time="0.109"/>
  <system-out/>
</testsuite> <!-- tests.CheckoutOverviewTest -->
