<?xml version="1.0" encoding="UTF-8"?>
<!-- Generated by org.testng.reporters.JUnitReportReporter -->
<testsuite hostname="Qcentris-396" failures="0" tests="3" name="tests.SubmitOrderTest" time="4.941" errors="0" timestamp="2025-01-08T16:26:24 EET" skipped="0">
  <testcase classname="tests.SubmitOrderTest" name="submitOrderTest" time="1.997"/>
  <system-out/>
  <testcase classname="tests.SubmitOrderTest" name="submitOrderTest" time="1.226"/>
  <system-out/>
  <testcase classname="tests.SubmitOrderTest" name="submitOrderTest" time="1.718"/>
  <system-out/>
</testsuite> <!-- tests.SubmitOrderTest -->
