<?xml version="1.0" encoding="UTF-8"?>
<!-- Generated by org.testng.reporters.JUnitReportReporter -->
<testsuite hostname="Qcentris-396" failures="0" tests="1" name="tests.ErrorValidationTest" time="1.097" errors="0" timestamp="2024-12-19T15:37:51 EET" skipped="0">
  <testcase classname="tests.ErrorValidationTest" name="testInvalidLoginLandingPage" time="1.097"/>
  <system-out/>
</testsuite> <!-- tests.ErrorValidationTest -->
