<?xml version="1.0" encoding="UTF-8"?>
<!-- Generated by org.testng.reporters.JUnitReportReporter -->
<testsuite hostname="Qcentris-396" failures="0" tests="3" name="tests.SubmitOrderTest" time="39.498" errors="0" timestamp="2025-03-06T00:51:16 EET" skipped="0">
  <testcase classname="tests.SubmitOrderTest" name="submitOrderTest" time="21.789"/>
  <system-out/>
  <testcase classname="tests.SubmitOrderTest" name="submitOrderTest" time="5.658"/>
  <system-out/>
  <testcase classname="tests.SubmitOrderTest" name="submitOrderTest" time="12.051"/>
  <system-out/>
</testsuite> <!-- tests.SubmitOrderTest -->
