<?xml version="1.0" encoding="UTF-8"?>
<!-- Generated by org.testng.reporters.JUnitReportReporter -->
<testsuite hostname="Qcentris-396" failures="0" tests="1" name="tests.SubmitOrderTest" time="4.669" errors="0" timestamp="2024-12-30T02:36:42 EET" skipped="0">
  <testcase classname="tests.SubmitOrderTest" name="submitOrderTest" time="4.669"/>
  <system-out/>
</testsuite> <!-- tests.SubmitOrderTest -->
