<?xml version="1.0" encoding="UTF-8"?>
<!-- Generated by org.testng.reporters.JUnitReportReporter -->
<testsuite hostname="Qcentris-396" failures="0" tests="2" name="tests.CheckoutOverviewTest" time="0.254" errors="0" timestamp="2025-01-09T15:20:38 EET" skipped="0">
  <testcase classname="tests.CheckoutOverviewTest" name="gotToCompletePage" time="0.137"/>
  <system-out/>
  <testcase classname="tests.CheckoutOverviewTest" name="gotToCompletePage" time="0.117"/>
  <system-out/>
</testsuite> <!-- tests.CheckoutOverviewTest -->
