<?xml version="1.0" encoding="UTF-8"?>
<!-- Generated by org.testng.reporters.JUnitReportReporter -->
<testsuite hostname="Qcentris-396" failures="0" tests="3" name="tests.LogOutTest" time="15.014" errors="0" timestamp="2025-02-14T18:56:34 EET" skipped="0">
  <testcase classname="tests.LogOutTest" name="testLoginLandingPage" time="2.185"/>
  <system-out/>
  <testcase classname="tests.LogOutTest" name="testLoginLandingPage" time="8.778"/>
  <system-out/>
  <testcase classname="tests.LogOutTest" name="testLoginLandingPage" time="4.051"/>
  <system-out/>
</testsuite> <!-- tests.LogOutTest -->
