<?xml version="1.0" encoding="UTF-8"?>
<!-- Generated by org.testng.reporters.JUnitReportReporter -->
<testsuite hostname="Qcentris-396" failures="0" tests="3" name="tests.RemoveFromCartTest" time="15.793" errors="0" timestamp="2025-02-14T18:56:34 EET" skipped="0">
  <testcase classname="tests.RemoveFromCartTest" name="testRemoveFromCart" time="8.904"/>
  <system-out/>
  <testcase classname="tests.RemoveFromCartTest" name="testRemoveFromCart" time="4.106"/>
  <system-out/>
  <testcase classname="tests.RemoveFromCartTest" name="testRemoveFromCart" time="2.783"/>
  <system-out/>
</testsuite> <!-- tests.RemoveFromCartTest -->
