<?xml version="1.0" encoding="UTF-8"?>
<!-- Generated by org.testng.reporters.JUnitReportReporter -->
<testsuite hostname="Qcentris-396" failures="0" tests="3" name="tests.SubmitOrderTest" time="6.153" errors="0" timestamp="2025-01-06T15:45:19 EET" skipped="0">
  <testcase classname="tests.SubmitOrderTest" name="submitOrderTest" time="3.217"/>
  <system-out/>
  <testcase classname="tests.SubmitOrderTest" name="submitOrderTest" time="1.697"/>
  <system-out/>
  <testcase classname="tests.SubmitOrderTest" name="submitOrderTest" time="1.239"/>
  <system-out/>
</testsuite> <!-- tests.SubmitOrderTest -->
