<?xml version="1.0" encoding="UTF-8"?>
<!-- Generated by org.testng.reporters.JUnitReportReporter -->
<testsuite hostname="Qcentris-396" failures="0" tests="3" name="tests.SubmitOrderTest" time="24.426" errors="0" timestamp="2025-03-03T19:07:57 EET" skipped="0">
  <testcase classname="tests.SubmitOrderTest" name="submitOrderTest" time="3.427"/>
  <system-out/>
  <testcase classname="tests.SubmitOrderTest" name="submitOrderTest" time="7.033"/>
  <system-out/>
  <testcase classname="tests.SubmitOrderTest" name="submitOrderTest" time="13.966"/>
  <system-out/>
</testsuite> <!-- tests.SubmitOrderTest -->
