<?xml version="1.0" encoding="UTF-8"?>
<!-- Generated by org.testng.reporters.JUnitReportReporter -->
<testsuite hostname="Qcentris-396" failures="0" tests="3" name="tests.RemoveFromCartTest" time="21.195" errors="0" timestamp="2025-03-06T01:54:56 EET" skipped="0">
  <testcase classname="tests.RemoveFromCartTest" name="testRemoveFromCart" time="3.827"/>
  <system-out/>
  <testcase classname="tests.RemoveFromCartTest" name="testRemoveFromCart" time="9.777"/>
  <system-out/>
  <testcase classname="tests.RemoveFromCartTest" name="testRemoveFromCart" time="7.591"/>
  <system-out/>
</testsuite> <!-- tests.RemoveFromCartTest -->
