<?xml version="1.0" encoding="UTF-8"?>
<!-- Generated by org.testng.reporters.JUnitReportReporter -->
<testsuite hostname="Qcentris-396" failures="0" tests="3" name="tests.functional.LogOutTest" time="20.557" errors="0" timestamp="2025-03-09T16:02:32 EET" skipped="0">
  <testcase classname="tests.functional.LogOutTest" name="testLogOut" time="6.574"/>
  <system-out/>
  <testcase classname="tests.functional.LogOutTest" name="testLogOut" time="1.458"/>
  <system-out/>
  <testcase classname="tests.functional.LogOutTest" name="testLogOut" time="12.525"/>
  <system-out/>
</testsuite> <!-- tests.functional.LogOutTest -->
