<?xml version="1.0" encoding="UTF-8"?>
<!-- Generated by org.testng.reporters.JUnitReportReporter -->
<testsuite hostname="Qcentris-396" failures="0" tests="3" name="tests.SubmitOrderTest" time="8.536" errors="0" timestamp="2025-01-09T15:19:07 EET" skipped="0">
  <testcase classname="tests.SubmitOrderTest" name="submitOrderTest" time="2.347"/>
  <system-out/>
  <testcase classname="tests.SubmitOrderTest" name="submitOrderTest" time="2.849"/>
  <system-out/>
  <testcase classname="tests.SubmitOrderTest" name="submitOrderTest" time="3.340"/>
  <system-out/>
</testsuite> <!-- tests.SubmitOrderTest -->
