<?xml version="1.0" encoding="UTF-8"?>
<!-- Generated by org.testng.reporters.JUnitReportReporter -->
<testsuite hostname="Qcentris-396" failures="0" tests="3" name="tests.SubmitOrderTest" time="5.365" errors="0" timestamp="2025-01-05T10:30:52 EET" skipped="0">
  <testcase classname="tests.SubmitOrderTest" name="submitOrderTest" time="2.678"/>
  <system-out/>
  <testcase classname="tests.SubmitOrderTest" name="submitOrderTest" time="1.400"/>
  <system-out/>
  <testcase classname="tests.SubmitOrderTest" name="submitOrderTest" time="1.287"/>
  <system-out/>
</testsuite> <!-- tests.SubmitOrderTest -->
