<?xml version="1.0" encoding="UTF-8"?>
<!-- Generated by org.testng.reporters.JUnitReportReporter -->
<testsuite hostname="Qcentris-396" failures="0" tests="3" name="tests.PriceLowtoHighTest" time="13.990" errors="0" timestamp="2025-01-13T11:24:54 EET" skipped="0">
  <testcase classname="tests.PriceLowtoHighTest" name="verifyPriceLowToHighSorting" time="10.066"/>
  <system-out/>
  <testcase classname="tests.PriceLowtoHighTest" name="verifyPriceLowToHighSorting" time="1.361"/>
  <system-out/>
  <testcase classname="tests.PriceLowtoHighTest" name="verifyPriceLowToHighSorting" time="2.563"/>
  <system-out/>
</testsuite> <!-- tests.PriceLowtoHighTest -->
