<?xml version="1.0" encoding="UTF-8"?>
<!-- Generated by org.testng.reporters.JUnitReportReporter -->
<testsuite hostname="Qcentris-396" failures="0" tests="2" name="tests.ProductCatalogueTest" time="0.435" errors="0" timestamp="2024-12-24T17:56:10 EET" skipped="0">
  <testcase classname="tests.ProductCatalogueTest" name="check" time="0.288"/>
  <system-out/>
  <testcase classname="tests.ProductCatalogueTest" name="testAddItemsLessThanTenDollarsToCart" time="0.147"/>
  <system-out/>
</testsuite> <!-- tests.ProductCatalogueTest -->
