<?xml version="1.0" encoding="UTF-8"?>
<!-- Generated by org.testng.reporters.JUnitReportReporter -->
<testsuite hostname="Qcentris-396" failures="0" tests="3" name="tests.LandingPageTest" time="4.797" errors="0" timestamp="2025-01-02T17:11:48 EET" skipped="0">
  <testcase classname="tests.LandingPageTest" name="testLoginLandingPage" time="0.493"/>
  <system-out/>
  <testcase classname="tests.LandingPageTest" name="testLoginLandingPage" time="3.866"/>
  <system-out/>
  <testcase classname="tests.LandingPageTest" name="testLoginLandingPage" time="0.438"/>
  <system-out/>
</testsuite> <!-- tests.LandingPageTest -->
