<?xml version="1.0" encoding="UTF-8"?>
<!-- Generated by org.testng.reporters.JUnitReportReporter -->
<testsuite hostname="Qcentris-396" failures="0" tests="3" name="tests.LogOutTest" time="67.593" errors="0" timestamp="2025-03-06T15:18:13 EET" skipped="0">
  <testcase classname="tests.LogOutTest" name="testLogOut" time="54.266"/>
  <system-out/>
  <testcase classname="tests.LogOutTest" name="testLogOut" time="2.802"/>
  <system-out/>
  <testcase classname="tests.LogOutTest" name="testLogOut" time="10.525"/>
  <system-out/>
</testsuite> <!-- tests.LogOutTest -->
