<?xml version="1.0" encoding="UTF-8"?>
<!-- Generated by org.testng.reporters.JUnitReportReporter -->
<testsuite hostname="Qcentris-396" failures="0" tests="4" name="tests.CartPageTest" time="0.969" errors="0" timestamp="2025-01-09T15:20:38 EET" skipped="0">
  <testcase classname="tests.CartPageTest" name="clickTest" time="0.338"/>
  <system-out/>
  <testcase classname="tests.CartPageTest" name="clickTest" time="0.154"/>
  <system-out/>
  <testcase classname="tests.CartPageTest" name="clickTest" time="0.301"/>
  <system-out/>
  <testcase classname="tests.CartPageTest" name="clickTest" time="0.176"/>
  <system-out/>
</testsuite> <!-- tests.CartPageTest -->
