<?xml version="1.0" encoding="UTF-8"?>
<!-- Generated by org.testng.reporters.JUnitReportReporter -->
<testsuite hostname="Qcentris-396" failures="0" tests="3" name="tests.SubmitOrderTest" time="18.219" errors="0" timestamp="2025-02-14T18:56:34 EET" skipped="0">
  <testcase classname="tests.SubmitOrderTest" name="submitOrderTest" time="3.307"/>
  <system-out/>
  <testcase classname="tests.SubmitOrderTest" name="submitOrderTest" time="8.893"/>
  <system-out/>
  <testcase classname="tests.SubmitOrderTest" name="submitOrderTest" time="6.019"/>
  <system-out/>
</testsuite> <!-- tests.SubmitOrderTest -->
