<?xml version="1.0" encoding="UTF-8"?>
<!-- Generated by org.testng.reporters.JUnitReportReporter -->
<testsuite hostname="Qcentris-396" failures="0" tests="1" name="tests.CartPageTest" time="0.072" errors="0" timestamp="2024-12-15T17:28:10 EET" skipped="0">
  <testcase classname="tests.CartPageTest" name="clickTest" time="0.072"/>
  <system-out/>
</testsuite> <!-- tests.CartPageTest -->
