<?xml version="1.0" encoding="UTF-8"?>
<!-- Generated by org.testng.reporters.JUnitReportReporter -->
<testsuite hostname="Qcentris-396" failures="0" tests="3" name="tests.RemoveFromCartTest" time="22.409" errors="0" timestamp="2025-03-06T02:37:03 EET" skipped="0">
  <testcase classname="tests.RemoveFromCartTest" name="testRemoveFromCart" time="3.980"/>
  <system-out/>
  <testcase classname="tests.RemoveFromCartTest" name="testRemoveFromCart" time="7.028"/>
  <system-out/>
  <testcase classname="tests.RemoveFromCartTest" name="testRemoveFromCart" time="11.401"/>
  <system-out/>
</testsuite> <!-- tests.RemoveFromCartTest -->
