<?xml version="1.0" encoding="UTF-8"?>
<!-- Generated by org.testng.reporters.JUnitReportReporter -->
<testsuite hostname="Qcentris-396" failures="0" tests="1" name="tests.CartPageTest" time="0.094" errors="0" timestamp="2024-12-16T16:58:47 EET" skipped="0">
  <testcase classname="tests.CartPageTest" name="clickTest" time="0.094"/>
  <system-out/>
</testsuite> <!-- tests.CartPageTest -->
