<?xml version="1.0" encoding="UTF-8"?>
<!-- Generated by org.testng.reporters.JUnitReportReporter -->
<testsuite hostname="Qcentris-396" failures="0" tests="3" name="tests.SubmitOrderTest" time="11.608" errors="0" timestamp="2025-01-23T13:53:02 EET" skipped="0">
  <testcase classname="tests.SubmitOrderTest" name="submitOrderTest" time="3.551"/>
  <system-out/>
  <testcase classname="tests.SubmitOrderTest" name="submitOrderTest" time="3.202"/>
  <system-out/>
  <testcase classname="tests.SubmitOrderTest" name="submitOrderTest" time="4.855"/>
  <system-out/>
</testsuite> <!-- tests.SubmitOrderTest -->
