<?xml version="1.0" encoding="UTF-8"?>
<!-- Generated by org.testng.reporters.JUnitReportReporter -->
<testsuite hostname="Qcentris-396" failures="0" tests="1" name="tests.CartPageTest" time="0.067" errors="0" timestamp="2024-12-11T14:38:54 EET" skipped="0">
  <testcase classname="tests.CartPageTest" name="clickTest" time="0.067"/>
  <system-out/>
</testsuite> <!-- tests.CartPageTest -->
