<?xml version="1.0" encoding="UTF-8"?>
<!-- Generated by org.testng.reporters.JUnitReportReporter -->
<testsuite hostname="Qcentris-396" failures="0" tests="3" name="tests.SubmitOrderTest" time="27.544" errors="0" timestamp="2025-03-06T02:37:03 EET" skipped="0">
  <testcase classname="tests.SubmitOrderTest" name="submitOrderTest" time="8.781"/>
  <system-out/>
  <testcase classname="tests.SubmitOrderTest" name="submitOrderTest" time="8.169"/>
  <system-out/>
  <testcase classname="tests.SubmitOrderTest" name="submitOrderTest" time="10.594"/>
  <system-out/>
</testsuite> <!-- tests.SubmitOrderTest -->
