<?xml version="1.0" encoding="UTF-8"?>
<!-- Generated by org.testng.reporters.JUnitReportReporter -->
<testsuite hostname="Qcentris-396" failures="0" tests="2" name="tests.CheckoutPageTest" time="0.551" errors="0" timestamp="2024-12-17T15:39:25 EET" skipped="0">
  <testcase classname="tests.CheckoutPageTest" name="goToCheckoutOverView" time="0.007"/>
  <system-out/>
  <testcase classname="tests.CheckoutPageTest" name="goToCheckoutOverView" time="0.544"/>
  <system-out/>
</testsuite> <!-- tests.CheckoutPageTest -->
