<?xml version="1.0" encoding="UTF-8"?>
<!-- Generated by org.testng.reporters.JUnitReportReporter -->
<testsuite hostname="Qcentris-396" failures="0" tests="3" name="tests.RemoveFromCartTest" time="22.672" errors="0" timestamp="2025-02-15T12:05:24 EET" skipped="0">
  <testcase classname="tests.RemoveFromCartTest" name="testRemoveFromCart" time="2.833"/>
  <system-out/>
  <testcase classname="tests.RemoveFromCartTest" name="testRemoveFromCart" time="16.226"/>
  <system-out/>
  <testcase classname="tests.RemoveFromCartTest" name="testRemoveFromCart" time="3.613"/>
  <system-out/>
</testsuite> <!-- tests.RemoveFromCartTest -->
