<?xml version="1.0" encoding="UTF-8"?>
<!-- Generated by org.testng.reporters.JUnitReportReporter -->
<testsuite hostname="Qcentris-396" failures="0" tests="3" name="tests.LandingPageTest" time="2.664" errors="0" timestamp="2025-01-14T15:31:47 EET" skipped="0">
  <testcase classname="tests.LandingPageTest" name="testLoginLandingPage" time="0.386"/>
  <system-out/>
  <testcase classname="tests.LandingPageTest" name="testLoginLandingPage" time="1.811"/>
  <system-out/>
  <testcase classname="tests.LandingPageTest" name="testLoginLandingPage" time="0.467"/>
  <system-out/>
</testsuite> <!-- tests.LandingPageTest -->
