<?xml version="1.0" encoding="UTF-8"?>
<!-- Generated by org.testng.reporters.JUnitReportReporter -->
<testsuite hostname="Qcentris-396" failures="0" tests="3" name="tests.LogOutTest" time="35.485" errors="0" timestamp="2025-03-06T00:51:16 EET" skipped="0">
  <testcase classname="tests.LogOutTest" name="testLogOut" time="20.915"/>
  <system-out/>
  <testcase classname="tests.LogOutTest" name="testLogOut" time="9.207"/>
  <system-out/>
  <testcase classname="tests.LogOutTest" name="testLogOut" time="5.363"/>
  <system-out/>
</testsuite> <!-- tests.LogOutTest -->
