<?xml version="1.0" encoding="UTF-8"?>
<!-- Generated by org.testng.reporters.JUnitReportReporter -->
<testsuite hostname="Qcentris-396" failures="0" tests="1" name="tests.LandingPageTest" time="4.106" errors="0" timestamp="2024-12-30T01:26:47 EET" skipped="0">
  <testcase classname="tests.LandingPageTest" name="testLoginLandingPage" time="4.106"/>
  <system-out/>
</testsuite> <!-- tests.LandingPageTest -->
