<?xml version="1.0" encoding="UTF-8"?>
<!-- Generated by org.testng.reporters.JUnitReportReporter -->
<testsuite hostname="Qcentris-396" failures="0" tests="3" name="tests.functional.RemoveFromCartTest" time="21.856" errors="0" timestamp="2025-03-09T16:02:32 EET" skipped="0">
  <testcase classname="tests.functional.RemoveFromCartTest" name="testRemoveFromCart" time="6.207"/>
  <system-out/>
  <testcase classname="tests.functional.RemoveFromCartTest" name="testRemoveFromCart" time="10.394"/>
  <system-out/>
  <testcase classname="tests.functional.RemoveFromCartTest" name="testRemoveFromCart" time="5.255"/>
  <system-out/>
</testsuite> <!-- tests.functional.RemoveFromCartTest -->
