<?xml version="1.0" encoding="UTF-8"?>
<!-- Generated by org.testng.reporters.JUnitReportReporter -->
<testsuite hostname="Qcentris-396" failures="0" tests="1" name="tests.TestNGTestRunner" time="4.277" errors="0" timestamp="2024-12-24T17:56:28 EET" skipped="0">
  <testcase classname="tests.TestNGTestRunner" name="runScenario" time="4.277"/>
  <system-out/>
</testsuite> <!-- tests.TestNGTestRunner -->
