<?xml version="1.0" encoding="UTF-8"?>
<!-- Generated by org.testng.reporters.JUnitReportReporter -->
<testsuite hostname="Qcentris-396" failures="0" tests="3" name="tests.LogOutTest" time="20.833" errors="0" timestamp="2025-01-26T13:26:18 EET" skipped="0">
  <testcase classname="tests.LogOutTest" name="testLoginLandingPage" time="1.653"/>
  <system-out/>
  <testcase classname="tests.LogOutTest" name="testLoginLandingPage" time="2.048"/>
  <system-out/>
  <testcase classname="tests.LogOutTest" name="testLoginLandingPage" time="17.132"/>
  <system-out/>
</testsuite> <!-- tests.LogOutTest -->
