<?xml version="1.0" encoding="UTF-8"?>
<!-- Generated by org.testng.reporters.JUnitReportReporter -->
<testsuite hostname="Qcentris-396" failures="0" tests="3" name="tests.LogOutTest" time="10.857" errors="0" timestamp="2025-01-23T13:53:02 EET" skipped="0">
  <testcase classname="tests.LogOutTest" name="testLoginLandingPage" time="2.871"/>
  <system-out/>
  <testcase classname="tests.LogOutTest" name="testLoginLandingPage" time="3.054"/>
  <system-out/>
  <testcase classname="tests.LogOutTest" name="testLoginLandingPage" time="4.932"/>
  <system-out/>
</testsuite> <!-- tests.LogOutTest -->
