<?xml version="1.0" encoding="UTF-8"?>
<!-- Generated by org.testng.reporters.JUnitReportReporter -->
<testsuite hostname="Qcentris-396" failures="0" tests="3" name="tests.LogOutTest" time="21.986" errors="0" timestamp="2025-02-15T12:05:24 EET" skipped="0">
  <testcase classname="tests.LogOutTest" name="testLoginLandingPage" time="3.224"/>
  <system-out/>
  <testcase classname="tests.LogOutTest" name="testLoginLandingPage" time="6.898"/>
  <system-out/>
  <testcase classname="tests.LogOutTest" name="testLoginLandingPage" time="11.864"/>
  <system-out/>
</testsuite> <!-- tests.LogOutTest -->
