<?xml version="1.0" encoding="UTF-8"?>
<!-- Generated by org.testng.reporters.JUnitReportReporter -->
<testsuite hostname="Qcentris-396" failures="0" tests="3" name="tests.LogOutTest" time="20.507" errors="0" timestamp="2025-03-06T01:54:56 EET" skipped="0">
  <testcase classname="tests.LogOutTest" name="testLogOut" time="7.589"/>
  <system-out/>
  <testcase classname="tests.LogOutTest" name="testLogOut" time="6.880"/>
  <system-out/>
  <testcase classname="tests.LogOutTest" name="testLogOut" time="6.038"/>
  <system-out/>
</testsuite> <!-- tests.LogOutTest -->
