<?xml version="1.0" encoding="UTF-8"?>
<!-- Generated by org.testng.reporters.JUnitReportReporter -->
<testsuite hostname="Qcentris-396" failures="0" tests="1" name="tests.CheckoutOverviewTest" time="0.061" errors="0" timestamp="2024-12-11T13:46:35 EET" skipped="0">
  <testcase classname="tests.CheckoutOverviewTest" name="gotToCheclOutOverView" time="0.061"/>
  <system-out/>
</testsuite> <!-- tests.CheckoutOverviewTest -->
