<?xml version="1.0" encoding="UTF-8"?>
<!-- Generated by org.testng.reporters.JUnitReportReporter -->
<testsuite hostname="Qcentris-396" failures="0" tests="3" name="tests.PriceLowtoHighTest" time="15.869" errors="0" timestamp="2025-02-14T18:56:34 EET" skipped="0">
  <testcase classname="tests.PriceLowtoHighTest" name="verifyPriceLowToHighSorting" time="4.270"/>
  <system-out/>
  <testcase classname="tests.PriceLowtoHighTest" name="verifyPriceLowToHighSorting" time="8.197"/>
  <system-out/>
  <testcase classname="tests.PriceLowtoHighTest" name="verifyPriceLowToHighSorting" time="3.402"/>
  <system-out/>
</testsuite> <!-- tests.PriceLowtoHighTest -->
