<?xml version="1.0" encoding="UTF-8"?>
<!-- Generated by org.testng.reporters.JUnitReportReporter -->
<testsuite hostname="Qcentris-396" failures="0" tests="3" name="tests.PriceLowtoHighTest" time="25.347" errors="0" timestamp="2025-03-06T01:54:56 EET" skipped="0">
  <testcase classname="tests.PriceLowtoHighTest" name="verifyPriceLowToHighSorting" time="3.866"/>
  <system-out/>
  <testcase classname="tests.PriceLowtoHighTest" name="verifyPriceLowToHighSorting" time="7.805"/>
  <system-out/>
  <testcase classname="tests.PriceLowtoHighTest" name="verifyPriceLowToHighSorting" time="13.676"/>
  <system-out/>
</testsuite> <!-- tests.PriceLowtoHighTest -->
