<?xml version="1.0" encoding="UTF-8"?>
<!-- Generated by org.testng.reporters.JUnitReportReporter -->
<testsuite hostname="Qcentris-396" failures="0" tests="3" name="tests.LogOutTest" time="13.861" errors="0" timestamp="2025-02-19T22:16:48 EET" skipped="0">
  <testcase classname="tests.LogOutTest" name="testLoginLandingPage" time="6.599"/>
  <system-out/>
  <testcase classname="tests.LogOutTest" name="testLoginLandingPage" time="2.838"/>
  <system-out/>
  <testcase classname="tests.LogOutTest" name="testLoginLandingPage" time="4.424"/>
  <system-out/>
</testsuite> <!-- tests.LogOutTest -->
