<?xml version="1.0" encoding="UTF-8"?>
<!-- Generated by org.testng.reporters.JUnitReportReporter -->
<testsuite hostname="Qcentris-396" failures="0" tests="3" name="tests.LogOutTest" time="22.884" errors="0" timestamp="2025-03-06T02:37:03 EET" skipped="0">
  <testcase classname="tests.LogOutTest" name="testLogOut" time="3.870"/>
  <system-out/>
  <testcase classname="tests.LogOutTest" name="testLogOut" time="8.802"/>
  <system-out/>
  <testcase classname="tests.LogOutTest" name="testLogOut" time="10.212"/>
  <system-out/>
</testsuite> <!-- tests.LogOutTest -->
