<?xml version="1.0" encoding="UTF-8"?>
<!-- Generated by org.testng.reporters.JUnitReportReporter -->
<testsuite hostname="Qcentris-396" failures="0" tests="3" name="tests.LogOutTest" time="21.426" errors="0" timestamp="2025-03-03T19:07:57 EET" skipped="0">
  <testcase classname="tests.LogOutTest" name="testLogOut" time="8.513"/>
  <system-out/>
  <testcase classname="tests.LogOutTest" name="testLogOut" time="10.569"/>
  <system-out/>
  <testcase classname="tests.LogOutTest" name="testLogOut" time="2.344"/>
  <system-out/>
</testsuite> <!-- tests.LogOutTest -->
