<?xml version="1.0" encoding="UTF-8"?>
<!-- Generated by org.testng.reporters.JUnitReportReporter -->
<testsuite hostname="Qcentris-396" failures="0" tests="1" name="tests.LandingPageTest" time="1.227" errors="0" timestamp="2024-12-16T14:32:48 EET" skipped="0">
  <testcase classname="tests.LandingPageTest" name="loginTest" time="1.227"/>
  <system-out/>
</testsuite> <!-- tests.LandingPageTest -->
